<?xml version="1.0" encoding="UTF-8"?>
<testng-results total="1" passed="1" failed="0" skipped="0">
  <reporter-output>
  </reporter-output>
  <suite started-at="2021-12-04T15:53:12Z" name="Command line suite" finished-at="2021-12-04T15:53:29Z" duration-ms="16928">
    <groups>
    </groups>
    <test started-at="2021-12-04T15:53:12Z" name="Command line test" finished-at="2021-12-04T15:53:29Z" duration-ms="16928">
      <class name="pom.tests.TradeTest">
        <test-method is-config="true" signature="startDriver()[pri:0, instance:pom.tests.TradeTest@78e67e0a]" started-at="2021-12-04T17:53:12Z" name="startDriver" finished-at="2021-12-04T17:53:17Z" duration-ms="4556" status="PASS">
          <reporter-output>
          </reporter-output>
        </test-method> <!-- startDriver -->
        <test-method signature="capitalMarketTest()[pri:0, instance:pom.tests.TradeTest@78e67e0a]" started-at="2021-12-04T17:53:17Z" name="capitalMarketTest" finished-at="2021-12-04T17:53:29Z" duration-ms="12035" status="PASS">
          <reporter-output>
          </reporter-output>
        </test-method> <!-- capitalMarketTest -->
        <test-method is-config="true" signature="quitDriver()[pri:0, instance:pom.tests.TradeTest@78e67e0a]" started-at="2021-12-04T17:53:29Z" name="quitDriver" finished-at="2021-12-04T17:53:29Z" duration-ms="327" status="PASS">
          <reporter-output>
          </reporter-output>
        </test-method> <!-- quitDriver -->
      </class> <!-- pom.tests.TradeTest -->
    </test> <!-- Command line test -->
  </suite> <!-- Command line suite -->
</testng-results>
